> Task :clean

> Task :compileJava

> Task :processResources NO-SOURCE
> Task :classes
> Task :jar
> Task :assemble
> Task :check
> Task :build

BUILD SUCCESSFUL in 914ms
3 actionable tasks: 3 executed
[--numberOfTasks=10, --taskHandlers=ReactiveVirtualThreadScheduler,ReactiveElasticScheduler,ReactiveParallelScheduler]
Running 10 tasks using [ReactiveVirtualThreadScheduler, ReactiveElasticScheduler, ReactiveParallelScheduler]
10 tasks, ReactiveVirtualThreadScheduler completed in 1072ms
10 tasks, ReactiveElasticScheduler completed in 1018ms
10 tasks, ReactiveParallelScheduler completed in 2011ms
[--numberOfTasks=100, --taskHandlers=ReactiveVirtualThreadScheduler,ReactiveElasticScheduler,ReactiveParallelScheduler]
Running 100 tasks using [ReactiveVirtualThreadScheduler, ReactiveElasticScheduler, ReactiveParallelScheduler]
100 tasks, ReactiveVirtualThreadScheduler completed in 1066ms
100 tasks, ReactiveElasticScheduler completed in 2019ms
100 tasks, ReactiveParallelScheduler completed in 13048ms
[--numberOfTasks=1000, --taskHandlers=ReactiveVirtualThreadScheduler,ReactiveElasticScheduler,ReactiveParallelScheduler]
Running 1000 tasks using [ReactiveVirtualThreadScheduler, ReactiveElasticScheduler, ReactiveParallelScheduler]
1000 tasks, ReactiveVirtualThreadScheduler completed in 1087ms
1000 tasks, ReactiveElasticScheduler completed in 13060ms
1000 tasks, ReactiveParallelScheduler completed in 125392ms
[--numberOfTasks=10000, --taskHandlers=ReactiveVirtualThreadScheduler,ReactiveElasticScheduler,ReactiveParallelScheduler]
Running 10000 tasks using [ReactiveVirtualThreadScheduler, ReactiveElasticScheduler, ReactiveParallelScheduler]
10000 tasks, ReactiveVirtualThreadScheduler completed in 1364ms
10000 tasks, ReactiveElasticScheduler completed in 125406ms
10000 tasks, ReactiveParallelScheduler completed in 1253536ms
